Watching for file changes with StatReloader
Page "main" is open
"GET / HTTP/1.1" 200 175
Watching for file changes with StatReloader
Watching for file changes with StatReloader
Watching for file changes with StatReloader
Watching for file changes with StatReloader
Watching for file changes with StatReloader
Not Found: /
"GET / HTTP/1.1" 404 6273
Not Found: /favicon.ico
"GET /favicon.ico HTTP/1.1" 404 6324
Not Found: /
"GET / HTTP/1.1" 404 6273
"GET /client/new/ HTTP/1.1" 200 0
Not Found: /
"GET / HTTP/1.1" 404 6273
Not Found: /
"GET / HTTP/1.1" 404 6273
Not Found: /about/
"GET /about/ HTTP/1.1" 404 6309
"GET /admin HTTP/1.1" 301 0
"GET /admin/ HTTP/1.1" 302 0
"GET /admin/login/?next=/admin/ HTTP/1.1" 200 4160
"GET /static/admin/js/nav_sidebar.js HTTP/1.1" 200 3063
"GET /static/admin/css/login.css HTTP/1.1" 200 951
"GET /static/admin/js/theme.js HTTP/1.1" 200 1653
"GET /static/admin/css/nav_sidebar.css HTTP/1.1" 200 2810
"GET /static/admin/css/dark_mode.css HTTP/1.1" 200 2804
"GET /static/admin/css/base.css HTTP/1.1" 200 22092
"GET /static/admin/css/responsive.css HTTP/1.1" 200 17972
Not Found: /
"GET / HTTP/1.1" 404 6273
"GET /order/new/ HTTP/1.1" 200 0
Watching for file changes with StatReloader
Watching for file changes with StatReloader
